  [1m[35m (26.9ms)[0m  [1m[35mCREATE TABLE "schema_migrations" ("version" character varying PRIMARY KEY)[0m
  [1m[35m (22.5ms)[0m  [1m[35mCREATE TABLE "ar_internal_metadata" ("key" character varying PRIMARY KEY, "value" character varying, "created_at" timestamp NOT NULL, "updated_at" timestamp NOT NULL)[0m
  [1m[35m (0.6ms)[0m  [1m[34mSELECT pg_try_advisory_lock(7561132552591576035);[0m
  [1m[36mActiveRecord::SchemaMigration Load (0.5ms)[0m  [1m[34mSELECT "schema_migrations".* FROM "schema_migrations"[0m
  [1m[36mActiveRecord::InternalMetadata Load (0.5ms)[0m  [1m[34mSELECT  "ar_internal_metadata".* FROM "ar_internal_metadata" WHERE "ar_internal_metadata"."key" = $1 LIMIT $2[0m  [["key", :environment], ["LIMIT", 1]]
  [1m[35m (0.2ms)[0m  [1m[35mBEGIN[0m
  [1m[35mSQL (0.7ms)[0m  [1m[32mINSERT INTO "ar_internal_metadata" ("key", "value", "created_at", "updated_at") VALUES ($1, $2, $3, $4) RETURNING "key"[0m  [["key", "environment"], ["value", "development"], ["created_at", 2017-03-02 00:52:54 UTC], ["updated_at", 2017-03-02 00:52:54 UTC]]
  [1m[35m (39.8ms)[0m  [1m[35mCOMMIT[0m
  [1m[35m (0.4ms)[0m  [1m[34mSELECT pg_advisory_unlock(7561132552591576035)[0m
  [1m[36mActiveRecord::SchemaMigration Load (0.3ms)[0m  [1m[34mSELECT "schema_migrations".* FROM "schema_migrations"[0m
  [1m[35m (76.5ms)[0m  [1m[35mCREATE TABLE "schema_migrations" ("version" character varying PRIMARY KEY)[0m
  [1m[35m (23.6ms)[0m  [1m[35mCREATE TABLE "ar_internal_metadata" ("key" character varying PRIMARY KEY, "value" character varying, "created_at" timestamp NOT NULL, "updated_at" timestamp NOT NULL)[0m
  [1m[35m (11.8ms)[0m  [1m[34mSELECT pg_try_advisory_lock(7561132552591576035);[0m
  [1m[36mActiveRecord::SchemaMigration Load (1.1ms)[0m  [1m[34mSELECT "schema_migrations".* FROM "schema_migrations"[0m
Migrating to CreateUsers (20170302010118)
  [1m[35m (1.0ms)[0m  [1m[35mBEGIN[0m
  [1m[35m (25.9ms)[0m  [1m[35mCREATE TABLE "users" ("id" serial primary key, "name" character varying, "username" character varying, "email" character varying, "password_digest" character varying, "created_at" timestamp NOT NULL, "updated_at" timestamp NOT NULL)[0m
  [1m[35mSQL (4.6ms)[0m  [1m[32mINSERT INTO "schema_migrations" ("version") VALUES ($1) RETURNING "version"[0m  [["version", "20170302010118"]]
  [1m[35m (0.5ms)[0m  [1m[35mCOMMIT[0m
Migrating to CreateMovies (20170302010522)
  [1m[35m (9.8ms)[0m  [1m[35mBEGIN[0m
  [1m[35m (14.2ms)[0m  [1m[35mCREATE TABLE "movies" ("id" serial primary key, "title" character varying, "poster" character varying, "created_at" timestamp NOT NULL, "updated_at" timestamp NOT NULL)[0m
  [1m[35mSQL (0.8ms)[0m  [1m[32mINSERT INTO "schema_migrations" ("version") VALUES ($1) RETURNING "version"[0m  [["version", "20170302010522"]]
  [1m[35m (0.9ms)[0m  [1m[35mCOMMIT[0m
  [1m[36mActiveRecord::InternalMetadata Load (2.8ms)[0m  [1m[34mSELECT  "ar_internal_metadata".* FROM "ar_internal_metadata" WHERE "ar_internal_metadata"."key" = $1 LIMIT $2[0m  [["key", :environment], ["LIMIT", 1]]
  [1m[35m (4.1ms)[0m  [1m[35mBEGIN[0m
  [1m[35mSQL (1.9ms)[0m  [1m[32mINSERT INTO "ar_internal_metadata" ("key", "value", "created_at", "updated_at") VALUES ($1, $2, $3, $4) RETURNING "key"[0m  [["key", "environment"], ["value", "development"], ["created_at", 2017-03-02 01:06:28 UTC], ["updated_at", 2017-03-02 01:06:28 UTC]]
  [1m[35m (0.6ms)[0m  [1m[35mCOMMIT[0m
  [1m[35m (0.5ms)[0m  [1m[34mSELECT pg_advisory_unlock(7561132552591576035)[0m
  [1m[36mActiveRecord::SchemaMigration Load (1.8ms)[0m  [1m[34mSELECT "schema_migrations".* FROM "schema_migrations"[0m
Started GET "/users" for ::1 at 2017-03-01 18:20:21 -0800
  [1m[36mActiveRecord::SchemaMigration Load (2.8ms)[0m  [1m[34mSELECT "schema_migrations".* FROM "schema_migrations"[0m
  
AbstractController::ActionNotFound (The action 'index' could not be found for UsersController):
  
actionpack (5.0.2) lib/abstract_controller/base.rb:121:in `process'
actionpack (5.0.2) lib/action_controller/metal.rb:190:in `dispatch'
actionpack (5.0.2) lib/action_controller/metal.rb:262:in `dispatch'
actionpack (5.0.2) lib/action_dispatch/routing/route_set.rb:50:in `dispatch'
actionpack (5.0.2) lib/action_dispatch/routing/route_set.rb:32:in `serve'
actionpack (5.0.2) lib/action_dispatch/journey/router.rb:39:in `block in serve'
actionpack (5.0.2) lib/action_dispatch/journey/router.rb:26:in `each'
actionpack (5.0.2) lib/action_dispatch/journey/router.rb:26:in `serve'
actionpack (5.0.2) lib/action_dispatch/routing/route_set.rb:725:in `call'
rack (2.0.1) lib/rack/etag.rb:25:in `call'
rack (2.0.1) lib/rack/conditional_get.rb:25:in `call'
rack (2.0.1) lib/rack/head.rb:12:in `call'
activerecord (5.0.2) lib/active_record/migration.rb:553:in `call'
actionpack (5.0.2) lib/action_dispatch/middleware/callbacks.rb:38:in `block in call'
activesupport (5.0.2) lib/active_support/callbacks.rb:97:in `__run_callbacks__'
activesupport (5.0.2) lib/active_support/callbacks.rb:750:in `_run_call_callbacks'
activesupport (5.0.2) lib/active_support/callbacks.rb:90:in `run_callbacks'
actionpack (5.0.2) lib/action_dispatch/middleware/callbacks.rb:36:in `call'
actionpack (5.0.2) lib/action_dispatch/middleware/executor.rb:12:in `call'
actionpack (5.0.2) lib/action_dispatch/middleware/remote_ip.rb:79:in `call'
actionpack (5.0.2) lib/action_dispatch/middleware/debug_exceptions.rb:49:in `call'
actionpack (5.0.2) lib/action_dispatch/middleware/show_exceptions.rb:31:in `call'
railties (5.0.2) lib/rails/rack/logger.rb:36:in `call_app'
railties (5.0.2) lib/rails/rack/logger.rb:24:in `block in call'
activesupport (5.0.2) lib/active_support/tagged_logging.rb:69:in `block in tagged'
activesupport (5.0.2) lib/active_support/tagged_logging.rb:26:in `tagged'
activesupport (5.0.2) lib/active_support/tagged_logging.rb:69:in `tagged'
railties (5.0.2) lib/rails/rack/logger.rb:24:in `call'
actionpack (5.0.2) lib/action_dispatch/middleware/request_id.rb:24:in `call'
rack (2.0.1) lib/rack/runtime.rb:22:in `call'
activesupport (5.0.2) lib/active_support/cache/strategy/local_cache_middleware.rb:28:in `call'
actionpack (5.0.2) lib/action_dispatch/middleware/executor.rb:12:in `call'
actionpack (5.0.2) lib/action_dispatch/middleware/static.rb:136:in `call'
rack (2.0.1) lib/rack/sendfile.rb:111:in `call'
rack-cors (0.4.1) lib/rack/cors.rb:81:in `call'
railties (5.0.2) lib/rails/engine.rb:522:in `call'
puma (3.7.1) lib/puma/configuration.rb:232:in `call'
puma (3.7.1) lib/puma/server.rb:578:in `handle_request'
puma (3.7.1) lib/puma/server.rb:415:in `process_client'
puma (3.7.1) lib/puma/server.rb:275:in `block in run'
puma (3.7.1) lib/puma/thread_pool.rb:120:in `block in spawn_thread'
Started GET "/movies" for ::1 at 2017-03-01 18:20:41 -0800
Processing by MoviesController#index as HTML
  [1m[36mMovie Load (2.1ms)[0m  [1m[34mSELECT "movies".* FROM "movies"[0m
Completed 200 OK in 31ms (Views: 1.7ms | ActiveRecord: 13.2ms)


Started POST "/movies" for ::1 at 2017-03-01 18:21:57 -0800
Processing by MoviesController#create as */*
  Parameters: {"movie"=>{"title"=>"\"Back to the Future\"", "poster"=>"https://images-na.ssl-images-amazon.com/images/M/MV5BZmU0M2Y1OGUtZjIxNi00ZjBkLTg1MjgtOWIyNThiZWIwYjRiXkEyXkFqcGdeQXVyMTQxNzMzNDI@._V1_UY1200_CR71,0,630,1200_AL_.jpg"}}
  [1m[35m (0.2ms)[0m  [1m[35mBEGIN[0m
  [1m[35mSQL (1.9ms)[0m  [1m[32mINSERT INTO "movies" ("title", "poster", "created_at", "updated_at") VALUES ($1, $2, $3, $4) RETURNING "id"[0m  [["title", "\"Back to the Future\""], ["poster", "https://images-na.ssl-images-amazon.com/images/M/MV5BZmU0M2Y1OGUtZjIxNi00ZjBkLTg1MjgtOWIyNThiZWIwYjRiXkEyXkFqcGdeQXVyMTQxNzMzNDI@._V1_UY1200_CR71,0,630,1200_AL_.jpg"], ["created_at", 2017-03-02 02:21:57 UTC], ["updated_at", 2017-03-02 02:21:57 UTC]]
  [1m[35m (1.8ms)[0m  [1m[35mCOMMIT[0m
Completed 200 OK in 33ms (Views: 0.9ms | ActiveRecord: 22.4ms)


Started POST "/movies" for ::1 at 2017-03-01 18:22:08 -0800
Processing by MoviesController#create as */*
  Parameters: {"movie"=>{"title"=>"Back to the Future", "poster"=>"https://images-na.ssl-images-amazon.com/images/M/MV5BZmU0M2Y1OGUtZjIxNi00ZjBkLTg1MjgtOWIyNThiZWIwYjRiXkEyXkFqcGdeQXVyMTQxNzMzNDI@._V1_UY1200_CR71,0,630,1200_AL_.jpg"}}
  [1m[35m (0.1ms)[0m  [1m[35mBEGIN[0m
  [1m[35mSQL (1.0ms)[0m  [1m[32mINSERT INTO "movies" ("title", "poster", "created_at", "updated_at") VALUES ($1, $2, $3, $4) RETURNING "id"[0m  [["title", "Back to the Future"], ["poster", "https://images-na.ssl-images-amazon.com/images/M/MV5BZmU0M2Y1OGUtZjIxNi00ZjBkLTg1MjgtOWIyNThiZWIwYjRiXkEyXkFqcGdeQXVyMTQxNzMzNDI@._V1_UY1200_CR71,0,630,1200_AL_.jpg"], ["created_at", 2017-03-02 02:22:08 UTC], ["updated_at", 2017-03-02 02:22:08 UTC]]
  [1m[35m (1.2ms)[0m  [1m[35mCOMMIT[0m
Completed 200 OK in 5ms (Views: 0.4ms | ActiveRecord: 2.3ms)


Started POST "/movies/1" for ::1 at 2017-03-01 18:22:31 -0800
  
ActionController::RoutingError (No route matches [POST] "/movies/1"):
  
actionpack (5.0.2) lib/action_dispatch/middleware/debug_exceptions.rb:53:in `call'
actionpack (5.0.2) lib/action_dispatch/middleware/show_exceptions.rb:31:in `call'
railties (5.0.2) lib/rails/rack/logger.rb:36:in `call_app'
railties (5.0.2) lib/rails/rack/logger.rb:24:in `block in call'
activesupport (5.0.2) lib/active_support/tagged_logging.rb:69:in `block in tagged'
activesupport (5.0.2) lib/active_support/tagged_logging.rb:26:in `tagged'
activesupport (5.0.2) lib/active_support/tagged_logging.rb:69:in `tagged'
railties (5.0.2) lib/rails/rack/logger.rb:24:in `call'
actionpack (5.0.2) lib/action_dispatch/middleware/request_id.rb:24:in `call'
rack (2.0.1) lib/rack/runtime.rb:22:in `call'
activesupport (5.0.2) lib/active_support/cache/strategy/local_cache_middleware.rb:28:in `call'
actionpack (5.0.2) lib/action_dispatch/middleware/executor.rb:12:in `call'
actionpack (5.0.2) lib/action_dispatch/middleware/static.rb:136:in `call'
rack (2.0.1) lib/rack/sendfile.rb:111:in `call'
rack-cors (0.4.1) lib/rack/cors.rb:81:in `call'
railties (5.0.2) lib/rails/engine.rb:522:in `call'
puma (3.7.1) lib/puma/configuration.rb:232:in `call'
puma (3.7.1) lib/puma/server.rb:578:in `handle_request'
puma (3.7.1) lib/puma/server.rb:415:in `process_client'
puma (3.7.1) lib/puma/server.rb:275:in `block in run'
puma (3.7.1) lib/puma/thread_pool.rb:120:in `block in spawn_thread'
Started GET "/movies/1" for ::1 at 2017-03-01 18:22:38 -0800
Processing by MoviesController#show as */*
  Parameters: {"id"=>"1"}
  [1m[36mMovie Load (0.7ms)[0m  [1m[34mSELECT  "movies".* FROM "movies" WHERE "movies"."id" = $1 LIMIT $2[0m  [["id", 1], ["LIMIT", 1]]
Completed 200 OK in 6ms (Views: 0.4ms | ActiveRecord: 1.0ms)


Started DELETE "/movies/1" for ::1 at 2017-03-01 18:22:43 -0800
Processing by MoviesController#destroy as */*
  Parameters: {"movie"=>{"title"=>"Back to the Future", "poster"=>"https://images-na.ssl-images-amazon.com/images/M/MV5BZmU0M2Y1OGUtZjIxNi00ZjBkLTg1MjgtOWIyNThiZWIwYjRiXkEyXkFqcGdeQXVyMTQxNzMzNDI@._V1_UY1200_CR71,0,630,1200_AL_.jpg"}, "id"=>"1"}
  [1m[36mMovie Load (0.3ms)[0m  [1m[34mSELECT  "movies".* FROM "movies" WHERE "movies"."id" = $1 LIMIT $2[0m  [["id", 1], ["LIMIT", 1]]
  [1m[35m (0.1ms)[0m  [1m[35mBEGIN[0m
  [1m[35m (0.2ms)[0m  [1m[31mROLLBACK[0m
Completed 500 Internal Server Error in 31ms (ActiveRecord: 0.7ms)


  
NameError (uninitialized constant Movie::Review):
  
app/controllers/movies_controller.rb:33:in `destroy'
Started GET "/movies/1" for ::1 at 2017-03-01 18:24:40 -0800
Processing by MoviesController#show as */*
  Parameters: {"id"=>"1"}
  [1m[36mMovie Load (0.3ms)[0m  [1m[34mSELECT  "movies".* FROM "movies" WHERE "movies"."id" = $1 LIMIT $2[0m  [["id", 1], ["LIMIT", 1]]
Completed 200 OK in 1ms (Views: 0.4ms | ActiveRecord: 0.3ms)


Started DELETE "/movies/1" for ::1 at 2017-03-01 18:25:00 -0800
Processing by MoviesController#destroy as */*
  Parameters: {"movie"=>{"title"=>"Back to the Future", "poster"=>"https://images-na.ssl-images-amazon.com/images/M/MV5BZmU0M2Y1OGUtZjIxNi00ZjBkLTg1MjgtOWIyNThiZWIwYjRiXkEyXkFqcGdeQXVyMTQxNzMzNDI@._V1_UY1200_CR71,0,630,1200_AL_.jpg"}, "id"=>"1"}
  [1m[36mMovie Load (0.3ms)[0m  [1m[34mSELECT  "movies".* FROM "movies" WHERE "movies"."id" = $1 LIMIT $2[0m  [["id", 1], ["LIMIT", 1]]
  [1m[35m (0.1ms)[0m  [1m[35mBEGIN[0m
  [1m[35m (0.1ms)[0m  [1m[31mROLLBACK[0m
Completed 500 Internal Server Error in 3ms (ActiveRecord: 0.6ms)


  
NameError (uninitialized constant Movie::Review):
  
app/controllers/movies_controller.rb:33:in `destroy'
Started DELETE "/movies/1" for ::1 at 2017-03-01 18:29:31 -0800
Processing by MoviesController#destroy as */*
  Parameters: {"movie"=>{"title"=>"Back to the Future", "poster"=>"https://images-na.ssl-images-amazon.com/images/M/MV5BZmU0M2Y1OGUtZjIxNi00ZjBkLTg1MjgtOWIyNThiZWIwYjRiXkEyXkFqcGdeQXVyMTQxNzMzNDI@._V1_UY1200_CR71,0,630,1200_AL_.jpg"}, "id"=>"1"}
  [1m[36mMovie Load (0.4ms)[0m  [1m[34mSELECT  "movies".* FROM "movies" WHERE "movies"."id" = $1 LIMIT $2[0m  [["id", 1], ["LIMIT", 1]]
  [1m[35m (0.1ms)[0m  [1m[35mBEGIN[0m
  [1m[35mSQL (0.9ms)[0m  [1m[31mDELETE FROM "movies" WHERE "movies"."id" = $1[0m  [["id", 1]]
  [1m[35m (0.3ms)[0m  [1m[35mCOMMIT[0m
Completed 204 No Content in 24ms (ActiveRecord: 4.6ms)


Started GET "/movies/2" for ::1 at 2017-03-01 18:29:45 -0800
Processing by MoviesController#show as */*
  Parameters: {"id"=>"2"}
  [1m[36mMovie Load (0.7ms)[0m  [1m[34mSELECT  "movies".* FROM "movies" WHERE "movies"."id" = $1 LIMIT $2[0m  [["id", 2], ["LIMIT", 1]]
Completed 200 OK in 3ms (Views: 1.0ms | ActiveRecord: 0.7ms)


Started GET "/movies/1" for ::1 at 2017-03-01 18:29:51 -0800
Processing by MoviesController#show as */*
  Parameters: {"id"=>"1"}
  [1m[36mMovie Load (0.4ms)[0m  [1m[34mSELECT  "movies".* FROM "movies" WHERE "movies"."id" = $1 LIMIT $2[0m  [["id", 1], ["LIMIT", 1]]
Completed 404 Not Found in 1ms (ActiveRecord: 0.4ms)


  
ActiveRecord::RecordNotFound (Couldn't find Movie with 'id'=1):
  
app/controllers/movies_controller.rb:7:in `show'
Started GET "/movies" for ::1 at 2017-03-01 18:51:35 -0800
Processing by MoviesController#index as HTML
  [1m[36mMovie Load (0.7ms)[0m  [1m[34mSELECT "movies".* FROM "movies"[0m
Completed 200 OK in 7ms (Views: 5.1ms | ActiveRecord: 0.7ms)


Started GET "/users" for ::1 at 2017-03-01 20:16:49 -0800
  
AbstractController::ActionNotFound (The action 'index' could not be found for UsersController):
  
actionpack (5.0.2) lib/abstract_controller/base.rb:121:in `process'
actionpack (5.0.2) lib/action_controller/metal.rb:190:in `dispatch'
actionpack (5.0.2) lib/action_controller/metal.rb:262:in `dispatch'
actionpack (5.0.2) lib/action_dispatch/routing/route_set.rb:50:in `dispatch'
actionpack (5.0.2) lib/action_dispatch/routing/route_set.rb:32:in `serve'
actionpack (5.0.2) lib/action_dispatch/journey/router.rb:39:in `block in serve'
actionpack (5.0.2) lib/action_dispatch/journey/router.rb:26:in `each'
actionpack (5.0.2) lib/action_dispatch/journey/router.rb:26:in `serve'
actionpack (5.0.2) lib/action_dispatch/routing/route_set.rb:725:in `call'
rack (2.0.1) lib/rack/etag.rb:25:in `call'
rack (2.0.1) lib/rack/conditional_get.rb:25:in `call'
rack (2.0.1) lib/rack/head.rb:12:in `call'
activerecord (5.0.2) lib/active_record/migration.rb:553:in `call'
actionpack (5.0.2) lib/action_dispatch/middleware/callbacks.rb:38:in `block in call'
activesupport (5.0.2) lib/active_support/callbacks.rb:97:in `__run_callbacks__'
activesupport (5.0.2) lib/active_support/callbacks.rb:750:in `_run_call_callbacks'
activesupport (5.0.2) lib/active_support/callbacks.rb:90:in `run_callbacks'
actionpack (5.0.2) lib/action_dispatch/middleware/callbacks.rb:36:in `call'
actionpack (5.0.2) lib/action_dispatch/middleware/executor.rb:12:in `call'
actionpack (5.0.2) lib/action_dispatch/middleware/remote_ip.rb:79:in `call'
actionpack (5.0.2) lib/action_dispatch/middleware/debug_exceptions.rb:49:in `call'
actionpack (5.0.2) lib/action_dispatch/middleware/show_exceptions.rb:31:in `call'
railties (5.0.2) lib/rails/rack/logger.rb:36:in `call_app'
railties (5.0.2) lib/rails/rack/logger.rb:24:in `block in call'
activesupport (5.0.2) lib/active_support/tagged_logging.rb:69:in `block in tagged'
activesupport (5.0.2) lib/active_support/tagged_logging.rb:26:in `tagged'
activesupport (5.0.2) lib/active_support/tagged_logging.rb:69:in `tagged'
railties (5.0.2) lib/rails/rack/logger.rb:24:in `call'
actionpack (5.0.2) lib/action_dispatch/middleware/request_id.rb:24:in `call'
rack (2.0.1) lib/rack/runtime.rb:22:in `call'
activesupport (5.0.2) lib/active_support/cache/strategy/local_cache_middleware.rb:28:in `call'
actionpack (5.0.2) lib/action_dispatch/middleware/executor.rb:12:in `call'
actionpack (5.0.2) lib/action_dispatch/middleware/static.rb:136:in `call'
rack (2.0.1) lib/rack/sendfile.rb:111:in `call'
rack-cors (0.4.1) lib/rack/cors.rb:81:in `call'
railties (5.0.2) lib/rails/engine.rb:522:in `call'
puma (3.7.1) lib/puma/configuration.rb:232:in `call'
puma (3.7.1) lib/puma/server.rb:578:in `handle_request'
puma (3.7.1) lib/puma/server.rb:415:in `process_client'
puma (3.7.1) lib/puma/server.rb:275:in `block in run'
puma (3.7.1) lib/puma/thread_pool.rb:120:in `block in spawn_thread'
Started POST "/users/" for ::1 at 2017-03-01 20:24:48 -0800
  [1m[36mActiveRecord::SchemaMigration Load (2.6ms)[0m  [1m[34mSELECT "schema_migrations".* FROM "schema_migrations"[0m
Processing by UsersController#create as */*
  Parameters: {"user"=>{"email"=>"a@a.com", "password"=>"[FILTERED]"}}
Completed 500 Internal Server Error in 26ms (ActiveRecord: 0.0ms)


  
LoadError (cannot load such file -- bcrypt):
  
app/models/user.rb:3:in `<class:User>'
app/models/user.rb:1:in `<top (required)>'
app/controllers/users_controller.rb:5:in `create'
Started POST "/users/" for ::1 at 2017-03-01 20:25:45 -0800
  [1m[36mActiveRecord::SchemaMigration Load (2.3ms)[0m  [1m[34mSELECT "schema_migrations".* FROM "schema_migrations"[0m
Processing by UsersController#create as */*
  Parameters: {"user"=>{"email"=>"a@a.com", "password"=>"[FILTERED]"}}
  [1m[35m (0.1ms)[0m  [1m[35mBEGIN[0m
  [1m[36mUser Exists (3.4ms)[0m  [1m[34mSELECT  1 AS one FROM "users" WHERE "users"."email" = $1 LIMIT $2[0m  [["email", "a@a.com"], ["LIMIT", 1]]
  [1m[35mSQL (0.7ms)[0m  [1m[32mINSERT INTO "users" ("email", "password_digest", "created_at", "updated_at") VALUES ($1, $2, $3, $4) RETURNING "id"[0m  [["email", "a@a.com"], ["password_digest", "$2a$10$cBNQA2dDH3uaIz3obbw3JO.oydMP.KjtMlFwxVQMk9btJZDZBxplO"], ["created_at", 2017-03-02 04:25:46 UTC], ["updated_at", 2017-03-02 04:25:46 UTC]]
  [1m[35m (14.2ms)[0m  [1m[35mCOMMIT[0m
Completed 500 Internal Server Error in 234ms (ActiveRecord: 37.6ms)


  
NameError (uninitialized constant UsersController::JWT):
  
app/controllers/users_controller.rb:34:in `token'
app/controllers/users_controller.rb:7:in `create'
Started POST "/users/" for ::1 at 2017-03-01 20:33:15 -0800
  [1m[36mActiveRecord::SchemaMigration Load (2.4ms)[0m  [1m[34mSELECT "schema_migrations".* FROM "schema_migrations"[0m
Processing by UsersController#create as */*
  Parameters: {"user"=>{"email"=>"a@a.com", "password"=>"[FILTERED]"}}
  [1m[35m (0.2ms)[0m  [1m[35mBEGIN[0m
  [1m[36mUser Exists (3.1ms)[0m  [1m[34mSELECT  1 AS one FROM "users" WHERE "users"."email" = $1 LIMIT $2[0m  [["email", "a@a.com"], ["LIMIT", 1]]
  [1m[35m (0.1ms)[0m  [1m[31mROLLBACK[0m
Completed 200 OK in 114ms (Views: 0.3ms | ActiveRecord: 13.1ms)


Started POST "/users/" for ::1 at 2017-03-01 20:33:25 -0800
Processing by UsersController#create as */*
  Parameters: {"user"=>{"email"=>"b@b.com", "password"=>"[FILTERED]"}}
  [1m[35m (0.1ms)[0m  [1m[35mBEGIN[0m
  [1m[36mUser Exists (1.3ms)[0m  [1m[34mSELECT  1 AS one FROM "users" WHERE "users"."email" = $1 LIMIT $2[0m  [["email", "b@b.com"], ["LIMIT", 1]]
  [1m[35mSQL (0.6ms)[0m  [1m[32mINSERT INTO "users" ("email", "password_digest", "created_at", "updated_at") VALUES ($1, $2, $3, $4) RETURNING "id"[0m  [["email", "b@b.com"], ["password_digest", "$2a$10$pzNSiH8n8F1TiJuYyKp1Ke0giIkFTpbDf.cYK6Zt4V6prnpbwAz2S"], ["created_at", 2017-03-02 04:33:25 UTC], ["updated_at", 2017-03-02 04:33:25 UTC]]
  [1m[35m (7.1ms)[0m  [1m[35mCOMMIT[0m
Completed 200 OK in 148ms (Views: 0.5ms | ActiveRecord: 9.1ms)


Started POST "/users/login" for ::1 at 2017-03-01 20:34:11 -0800
Processing by UsersController#login as */*
  Parameters: {"user"=>{"email"=>"b@b.com", "password"=>"[FILTERED]"}}
  [1m[36mUser Load (0.2ms)[0m  [1m[34mSELECT  "users".* FROM "users" WHERE "users"."email" = $1 LIMIT $2[0m  [["email", "b@b.com"], ["LIMIT", 1]]
Completed 200 OK in 71ms (Views: 0.5ms | ActiveRecord: 0.4ms)


Started POST "/users/login" for ::1 at 2017-03-01 20:34:47 -0800
  
SyntaxError (/Users/michaelcurry/Dev/unit_projects/movie-review/movie-review-api/app/controllers/users_controller.rb:25: syntax error, unexpected tIDENTIFIER, expecting '}'
essage: "user logged in" token: token}
                              ^):
  
app/controllers/users_controller.rb:25: syntax error, unexpected tIDENTIFIER, expecting '}'
Started POST "/users/login" for ::1 at 2017-03-01 20:34:57 -0800
  
SyntaxError (/Users/michaelcurry/Dev/unit_projects/movie-review/movie-review-api/app/controllers/users_controller.rb:25: syntax error, unexpected tIDENTIFIER, expecting '}'
essage: "user logged in" token: token}
                              ^):
  
app/controllers/users_controller.rb:25: syntax error, unexpected tIDENTIFIER, expecting '}'
Started POST "/users/login" for ::1 at 2017-03-01 20:34:59 -0800
  
SyntaxError (/Users/michaelcurry/Dev/unit_projects/movie-review/movie-review-api/app/controllers/users_controller.rb:25: syntax error, unexpected tIDENTIFIER, expecting '}'
essage: "user logged in" token: token}
                              ^):
  
app/controllers/users_controller.rb:25: syntax error, unexpected tIDENTIFIER, expecting '}'
Started POST "/users/login" for ::1 at 2017-03-01 20:35:16 -0800
Processing by UsersController#login as */*
  Parameters: {"user"=>{"email"=>"b@b.com", "password"=>"[FILTERED]"}}
  [1m[36mUser Load (0.3ms)[0m  [1m[34mSELECT  "users".* FROM "users" WHERE "users"."email" = $1 LIMIT $2[0m  [["email", "b@b.com"], ["LIMIT", 1]]
Completed 200 OK in 82ms (Views: 0.5ms | ActiveRecord: 0.6ms)


Started GET "/users/1" for ::1 at 2017-03-01 20:42:20 -0800
Processing by UsersController#show as */*
  Parameters: {"id"=>"1"}
Completed 500 Internal Server Error in 67ms (ActiveRecord: 0.0ms)


  
NoMethodError (undefined method `authorize' for #<UsersController:0x007f89c885fcb0>):
  
activesupport (5.0.2) lib/active_support/callbacks.rb:382:in `block in make_lambda'
activesupport (5.0.2) lib/active_support/callbacks.rb:150:in `block (2 levels) in halting_and_conditional'
actionpack (5.0.2) lib/abstract_controller/callbacks.rb:12:in `block (2 levels) in <module:Callbacks>'
activesupport (5.0.2) lib/active_support/callbacks.rb:151:in `block in halting_and_conditional'
activesupport (5.0.2) lib/active_support/callbacks.rb:454:in `block in call'
activesupport (5.0.2) lib/active_support/callbacks.rb:454:in `each'
activesupport (5.0.2) lib/active_support/callbacks.rb:454:in `call'
activesupport (5.0.2) lib/active_support/callbacks.rb:101:in `__run_callbacks__'
activesupport (5.0.2) lib/active_support/callbacks.rb:750:in `_run_process_action_callbacks'
activesupport (5.0.2) lib/active_support/callbacks.rb:90:in `run_callbacks'
actionpack (5.0.2) lib/abstract_controller/callbacks.rb:19:in `process_action'
actionpack (5.0.2) lib/action_controller/metal/rescue.rb:20:in `process_action'
actionpack (5.0.2) lib/action_controller/metal/instrumentation.rb:32:in `block in process_action'
activesupport (5.0.2) lib/active_support/notifications.rb:164:in `block in instrument'
activesupport (5.0.2) lib/active_support/notifications/instrumenter.rb:21:in `instrument'
activesupport (5.0.2) lib/active_support/notifications.rb:164:in `instrument'
actionpack (5.0.2) lib/action_controller/metal/instrumentation.rb:30:in `process_action'
actionpack (5.0.2) lib/action_controller/metal/params_wrapper.rb:248:in `process_action'
activerecord (5.0.2) lib/active_record/railties/controller_runtime.rb:18:in `process_action'
actionpack (5.0.2) lib/abstract_controller/base.rb:126:in `process'
actionpack (5.0.2) lib/action_controller/metal.rb:190:in `dispatch'
actionpack (5.0.2) lib/action_controller/metal.rb:262:in `dispatch'
actionpack (5.0.2) lib/action_dispatch/routing/route_set.rb:50:in `dispatch'
actionpack (5.0.2) lib/action_dispatch/routing/route_set.rb:32:in `serve'
actionpack (5.0.2) lib/action_dispatch/journey/router.rb:39:in `block in serve'
actionpack (5.0.2) lib/action_dispatch/journey/router.rb:26:in `each'
actionpack (5.0.2) lib/action_dispatch/journey/router.rb:26:in `serve'
actionpack (5.0.2) lib/action_dispatch/routing/route_set.rb:725:in `call'
rack (2.0.1) lib/rack/etag.rb:25:in `call'
rack (2.0.1) lib/rack/conditional_get.rb:25:in `call'
rack (2.0.1) lib/rack/head.rb:12:in `call'
activerecord (5.0.2) lib/active_record/migration.rb:553:in `call'
actionpack (5.0.2) lib/action_dispatch/middleware/callbacks.rb:38:in `block in call'
activesupport (5.0.2) lib/active_support/callbacks.rb:97:in `__run_callbacks__'
activesupport (5.0.2) lib/active_support/callbacks.rb:750:in `_run_call_callbacks'
activesupport (5.0.2) lib/active_support/callbacks.rb:90:in `run_callbacks'
actionpack (5.0.2) lib/action_dispatch/middleware/callbacks.rb:36:in `call'
actionpack (5.0.2) lib/action_dispatch/middleware/executor.rb:12:in `call'
actionpack (5.0.2) lib/action_dispatch/middleware/remote_ip.rb:79:in `call'
actionpack (5.0.2) lib/action_dispatch/middleware/debug_exceptions.rb:49:in `call'
actionpack (5.0.2) lib/action_dispatch/middleware/show_exceptions.rb:31:in `call'
railties (5.0.2) lib/rails/rack/logger.rb:36:in `call_app'
railties (5.0.2) lib/rails/rack/logger.rb:24:in `block in call'
activesupport (5.0.2) lib/active_support/tagged_logging.rb:69:in `block in tagged'
activesupport (5.0.2) lib/active_support/tagged_logging.rb:26:in `tagged'
activesupport (5.0.2) lib/active_support/tagged_logging.rb:69:in `tagged'
railties (5.0.2) lib/rails/rack/logger.rb:24:in `call'
actionpack (5.0.2) lib/action_dispatch/middleware/request_id.rb:24:in `call'
rack (2.0.1) lib/rack/runtime.rb:22:in `call'
activesupport (5.0.2) lib/active_support/cache/strategy/local_cache_middleware.rb:28:in `call'
actionpack (5.0.2) lib/action_dispatch/middleware/executor.rb:12:in `call'
actionpack (5.0.2) lib/action_dispatch/middleware/static.rb:136:in `call'
rack (2.0.1) lib/rack/sendfile.rb:111:in `call'
rack-cors (0.4.1) lib/rack/cors.rb:81:in `call'
railties (5.0.2) lib/rails/engine.rb:522:in `call'
puma (3.7.1) lib/puma/configuration.rb:232:in `call'
puma (3.7.1) lib/puma/server.rb:578:in `handle_request'
puma (3.7.1) lib/puma/server.rb:415:in `process_client'
puma (3.7.1) lib/puma/server.rb:275:in `block in run'
puma (3.7.1) lib/puma/thread_pool.rb:120:in `block in spawn_thread'
Started GET "/users/2" for ::1 at 2017-03-01 20:42:24 -0800
Processing by UsersController#show as */*
  Parameters: {"id"=>"2"}
Completed 500 Internal Server Error in 23ms (ActiveRecord: 0.0ms)


  
NoMethodError (undefined method `authorize' for #<UsersController:0x007f89c7fce448>):
  
activesupport (5.0.2) lib/active_support/callbacks.rb:382:in `block in make_lambda'
activesupport (5.0.2) lib/active_support/callbacks.rb:150:in `block (2 levels) in halting_and_conditional'
actionpack (5.0.2) lib/abstract_controller/callbacks.rb:12:in `block (2 levels) in <module:Callbacks>'
activesupport (5.0.2) lib/active_support/callbacks.rb:151:in `block in halting_and_conditional'
activesupport (5.0.2) lib/active_support/callbacks.rb:454:in `block in call'
activesupport (5.0.2) lib/active_support/callbacks.rb:454:in `each'
activesupport (5.0.2) lib/active_support/callbacks.rb:454:in `call'
activesupport (5.0.2) lib/active_support/callbacks.rb:101:in `__run_callbacks__'
activesupport (5.0.2) lib/active_support/callbacks.rb:750:in `_run_process_action_callbacks'
activesupport (5.0.2) lib/active_support/callbacks.rb:90:in `run_callbacks'
actionpack (5.0.2) lib/abstract_controller/callbacks.rb:19:in `process_action'
actionpack (5.0.2) lib/action_controller/metal/rescue.rb:20:in `process_action'
actionpack (5.0.2) lib/action_controller/metal/instrumentation.rb:32:in `block in process_action'
activesupport (5.0.2) lib/active_support/notifications.rb:164:in `block in instrument'
activesupport (5.0.2) lib/active_support/notifications/instrumenter.rb:21:in `instrument'
activesupport (5.0.2) lib/active_support/notifications.rb:164:in `instrument'
actionpack (5.0.2) lib/action_controller/metal/instrumentation.rb:30:in `process_action'
actionpack (5.0.2) lib/action_controller/metal/params_wrapper.rb:248:in `process_action'
activerecord (5.0.2) lib/active_record/railties/controller_runtime.rb:18:in `process_action'
actionpack (5.0.2) lib/abstract_controller/base.rb:126:in `process'
actionpack (5.0.2) lib/action_controller/metal.rb:190:in `dispatch'
actionpack (5.0.2) lib/action_controller/metal.rb:262:in `dispatch'
actionpack (5.0.2) lib/action_dispatch/routing/route_set.rb:50:in `dispatch'
actionpack (5.0.2) lib/action_dispatch/routing/route_set.rb:32:in `serve'
actionpack (5.0.2) lib/action_dispatch/journey/router.rb:39:in `block in serve'
actionpack (5.0.2) lib/action_dispatch/journey/router.rb:26:in `each'
actionpack (5.0.2) lib/action_dispatch/journey/router.rb:26:in `serve'
actionpack (5.0.2) lib/action_dispatch/routing/route_set.rb:725:in `call'
rack (2.0.1) lib/rack/etag.rb:25:in `call'
rack (2.0.1) lib/rack/conditional_get.rb:25:in `call'
rack (2.0.1) lib/rack/head.rb:12:in `call'
activerecord (5.0.2) lib/active_record/migration.rb:553:in `call'
actionpack (5.0.2) lib/action_dispatch/middleware/callbacks.rb:38:in `block in call'
activesupport (5.0.2) lib/active_support/callbacks.rb:97:in `__run_callbacks__'
activesupport (5.0.2) lib/active_support/callbacks.rb:750:in `_run_call_callbacks'
activesupport (5.0.2) lib/active_support/callbacks.rb:90:in `run_callbacks'
actionpack (5.0.2) lib/action_dispatch/middleware/callbacks.rb:36:in `call'
actionpack (5.0.2) lib/action_dispatch/middleware/executor.rb:12:in `call'
actionpack (5.0.2) lib/action_dispatch/middleware/remote_ip.rb:79:in `call'
actionpack (5.0.2) lib/action_dispatch/middleware/debug_exceptions.rb:49:in `call'
actionpack (5.0.2) lib/action_dispatch/middleware/show_exceptions.rb:31:in `call'
railties (5.0.2) lib/rails/rack/logger.rb:36:in `call_app'
railties (5.0.2) lib/rails/rack/logger.rb:24:in `block in call'
activesupport (5.0.2) lib/active_support/tagged_logging.rb:69:in `block in tagged'
activesupport (5.0.2) lib/active_support/tagged_logging.rb:26:in `tagged'
activesupport (5.0.2) lib/active_support/tagged_logging.rb:69:in `tagged'
railties (5.0.2) lib/rails/rack/logger.rb:24:in `call'
actionpack (5.0.2) lib/action_dispatch/middleware/request_id.rb:24:in `call'
rack (2.0.1) lib/rack/runtime.rb:22:in `call'
activesupport (5.0.2) lib/active_support/cache/strategy/local_cache_middleware.rb:28:in `call'
actionpack (5.0.2) lib/action_dispatch/middleware/executor.rb:12:in `call'
actionpack (5.0.2) lib/action_dispatch/middleware/static.rb:136:in `call'
rack (2.0.1) lib/rack/sendfile.rb:111:in `call'
rack-cors (0.4.1) lib/rack/cors.rb:81:in `call'
railties (5.0.2) lib/rails/engine.rb:522:in `call'
puma (3.7.1) lib/puma/configuration.rb:232:in `call'
puma (3.7.1) lib/puma/server.rb:578:in `handle_request'
puma (3.7.1) lib/puma/server.rb:415:in `process_client'
puma (3.7.1) lib/puma/server.rb:275:in `block in run'
puma (3.7.1) lib/puma/thread_pool.rb:120:in `block in spawn_thread'
Started POST "/users/login" for ::1 at 2017-03-01 20:42:40 -0800
Processing by UsersController#login as */*
  Parameters: {"user"=>{"email"=>"b@b.com", "password"=>"[FILTERED]"}}
  [1m[36mUser Load (0.6ms)[0m  [1m[34mSELECT  "users".* FROM "users" WHERE "users"."email" = $1 LIMIT $2[0m  [["email", "b@b.com"], ["LIMIT", 1]]
Completed 200 OK in 65ms (Views: 0.7ms | ActiveRecord: 0.6ms)


Started GET "/users/2" for ::1 at 2017-03-01 20:42:46 -0800
Processing by UsersController#show as */*
  Parameters: {"id"=>"2"}
Completed 500 Internal Server Error in 22ms (ActiveRecord: 0.0ms)


  
NoMethodError (undefined method `authorize' for #<UsersController:0x007f89c9459ae8>):
  
activesupport (5.0.2) lib/active_support/callbacks.rb:382:in `block in make_lambda'
activesupport (5.0.2) lib/active_support/callbacks.rb:150:in `block (2 levels) in halting_and_conditional'
actionpack (5.0.2) lib/abstract_controller/callbacks.rb:12:in `block (2 levels) in <module:Callbacks>'
activesupport (5.0.2) lib/active_support/callbacks.rb:151:in `block in halting_and_conditional'
activesupport (5.0.2) lib/active_support/callbacks.rb:454:in `block in call'
activesupport (5.0.2) lib/active_support/callbacks.rb:454:in `each'
activesupport (5.0.2) lib/active_support/callbacks.rb:454:in `call'
activesupport (5.0.2) lib/active_support/callbacks.rb:101:in `__run_callbacks__'
activesupport (5.0.2) lib/active_support/callbacks.rb:750:in `_run_process_action_callbacks'
activesupport (5.0.2) lib/active_support/callbacks.rb:90:in `run_callbacks'
actionpack (5.0.2) lib/abstract_controller/callbacks.rb:19:in `process_action'
actionpack (5.0.2) lib/action_controller/metal/rescue.rb:20:in `process_action'
actionpack (5.0.2) lib/action_controller/metal/instrumentation.rb:32:in `block in process_action'
activesupport (5.0.2) lib/active_support/notifications.rb:164:in `block in instrument'
activesupport (5.0.2) lib/active_support/notifications/instrumenter.rb:21:in `instrument'
activesupport (5.0.2) lib/active_support/notifications.rb:164:in `instrument'
actionpack (5.0.2) lib/action_controller/metal/instrumentation.rb:30:in `process_action'
actionpack (5.0.2) lib/action_controller/metal/params_wrapper.rb:248:in `process_action'
activerecord (5.0.2) lib/active_record/railties/controller_runtime.rb:18:in `process_action'
actionpack (5.0.2) lib/abstract_controller/base.rb:126:in `process'
actionpack (5.0.2) lib/action_controller/metal.rb:190:in `dispatch'
actionpack (5.0.2) lib/action_controller/metal.rb:262:in `dispatch'
actionpack (5.0.2) lib/action_dispatch/routing/route_set.rb:50:in `dispatch'
actionpack (5.0.2) lib/action_dispatch/routing/route_set.rb:32:in `serve'
actionpack (5.0.2) lib/action_dispatch/journey/router.rb:39:in `block in serve'
actionpack (5.0.2) lib/action_dispatch/journey/router.rb:26:in `each'
actionpack (5.0.2) lib/action_dispatch/journey/router.rb:26:in `serve'
actionpack (5.0.2) lib/action_dispatch/routing/route_set.rb:725:in `call'
rack (2.0.1) lib/rack/etag.rb:25:in `call'
rack (2.0.1) lib/rack/conditional_get.rb:25:in `call'
rack (2.0.1) lib/rack/head.rb:12:in `call'
activerecord (5.0.2) lib/active_record/migration.rb:553:in `call'
actionpack (5.0.2) lib/action_dispatch/middleware/callbacks.rb:38:in `block in call'
activesupport (5.0.2) lib/active_support/callbacks.rb:97:in `__run_callbacks__'
activesupport (5.0.2) lib/active_support/callbacks.rb:750:in `_run_call_callbacks'
activesupport (5.0.2) lib/active_support/callbacks.rb:90:in `run_callbacks'
actionpack (5.0.2) lib/action_dispatch/middleware/callbacks.rb:36:in `call'
actionpack (5.0.2) lib/action_dispatch/middleware/executor.rb:12:in `call'
actionpack (5.0.2) lib/action_dispatch/middleware/remote_ip.rb:79:in `call'
actionpack (5.0.2) lib/action_dispatch/middleware/debug_exceptions.rb:49:in `call'
actionpack (5.0.2) lib/action_dispatch/middleware/show_exceptions.rb:31:in `call'
railties (5.0.2) lib/rails/rack/logger.rb:36:in `call_app'
railties (5.0.2) lib/rails/rack/logger.rb:24:in `block in call'
activesupport (5.0.2) lib/active_support/tagged_logging.rb:69:in `block in tagged'
activesupport (5.0.2) lib/active_support/tagged_logging.rb:26:in `tagged'
activesupport (5.0.2) lib/active_support/tagged_logging.rb:69:in `tagged'
railties (5.0.2) lib/rails/rack/logger.rb:24:in `call'
actionpack (5.0.2) lib/action_dispatch/middleware/request_id.rb:24:in `call'
rack (2.0.1) lib/rack/runtime.rb:22:in `call'
activesupport (5.0.2) lib/active_support/cache/strategy/local_cache_middleware.rb:28:in `call'
actionpack (5.0.2) lib/action_dispatch/middleware/executor.rb:12:in `call'
actionpack (5.0.2) lib/action_dispatch/middleware/static.rb:136:in `call'
rack (2.0.1) lib/rack/sendfile.rb:111:in `call'
rack-cors (0.4.1) lib/rack/cors.rb:81:in `call'
railties (5.0.2) lib/rails/engine.rb:522:in `call'
puma (3.7.1) lib/puma/configuration.rb:232:in `call'
puma (3.7.1) lib/puma/server.rb:578:in `handle_request'
puma (3.7.1) lib/puma/server.rb:415:in `process_client'
puma (3.7.1) lib/puma/server.rb:275:in `block in run'
puma (3.7.1) lib/puma/thread_pool.rb:120:in `block in spawn_thread'
Started GET "/users/2" for ::1 at 2017-03-01 20:44:35 -0800
Processing by UsersController#show as */*
  Parameters: {"id"=>"2"}
  [1m[36mUser Load (0.4ms)[0m  [1m[34mSELECT  "users".* FROM "users" WHERE "users"."id" = $1 LIMIT $2[0m  [["id", 2], ["LIMIT", 1]]
Completed 200 OK in 18ms (Views: 0.5ms | ActiveRecord: 0.4ms)


Started GET "/users/1" for ::1 at 2017-03-01 20:44:40 -0800
Processing by UsersController#show as */*
  Parameters: {"id"=>"1"}
  [1m[36mUser Load (0.4ms)[0m  [1m[34mSELECT  "users".* FROM "users" WHERE "users"."id" = $1 LIMIT $2[0m  [["id", 2], ["LIMIT", 1]]
Filter chain halted as :authorize rendered or redirected
Completed 200 OK in 2ms (Views: 0.1ms | ActiveRecord: 0.4ms)


  [1m[35m (0.5ms)[0m  [1m[34mSELECT pg_try_advisory_lock(7561132552591576035);[0m
  [1m[36mActiveRecord::SchemaMigration Load (0.5ms)[0m  [1m[34mSELECT "schema_migrations".* FROM "schema_migrations"[0m
Migrating to CreateUsers (20170302010118)
  [1m[35m (0.2ms)[0m  [1m[35mBEGIN[0m
  [1m[35m (114.1ms)[0m  [1m[35mCREATE TABLE "users" ("id" serial primary key, "name" character varying, "username" character varying, "email" character varying, "password_digest" character varying, "created_at" timestamp NOT NULL, "updated_at" timestamp NOT NULL)[0m
  [1m[35mSQL (18.6ms)[0m  [1m[32mINSERT INTO "schema_migrations" ("version") VALUES ($1) RETURNING "version"[0m  [["version", "20170302010118"]]
  [1m[35m (678.4ms)[0m  [1m[35mCOMMIT[0m
Migrating to CreateMovies (20170302010522)
  [1m[35m (0.3ms)[0m  [1m[35mBEGIN[0m
  [1m[35m (5.1ms)[0m  [1m[35mCREATE TABLE "movies" ("id" serial primary key, "title" character varying, "poster" character varying, "created_at" timestamp NOT NULL, "updated_at" timestamp NOT NULL)[0m
  [1m[35mSQL (0.3ms)[0m  [1m[32mINSERT INTO "schema_migrations" ("version") VALUES ($1) RETURNING "version"[0m  [["version", "20170302010522"]]
  [1m[35m (0.9ms)[0m  [1m[35mCOMMIT[0m
Migrating to CreateReviews (20170302062956)
  [1m[35m (0.2ms)[0m  [1m[35mBEGIN[0m
  [1m[35m (124.5ms)[0m  [1m[35mCREATE TABLE "reviews" ("id" serial primary key, "title" character varying, "rating" character varying, "comments" character varying, "user_id" integer, "movie_id" integer, "created_at" timestamp NOT NULL, "updated_at" timestamp NOT NULL, CONSTRAINT "fk_rails_74a66bd6c5"
FOREIGN KEY ("user_id")
  REFERENCES "users" ("id")
, CONSTRAINT "fk_rails_6ad75a4852"
FOREIGN KEY ("movie_id")
  REFERENCES "movies" ("id")
)[0m
  [1m[35m (1.7ms)[0m  [1m[35mCREATE  INDEX  "index_reviews_on_user_id" ON "reviews"  ("user_id")[0m
  [1m[35m (7.2ms)[0m  [1m[35mCREATE  INDEX  "index_reviews_on_movie_id" ON "reviews"  ("movie_id")[0m
  [1m[35mSQL (0.5ms)[0m  [1m[32mINSERT INTO "schema_migrations" ("version") VALUES ($1) RETURNING "version"[0m  [["version", "20170302062956"]]
  [1m[35m (0.8ms)[0m  [1m[35mCOMMIT[0m
  [1m[36mActiveRecord::InternalMetadata Load (0.5ms)[0m  [1m[34mSELECT  "ar_internal_metadata".* FROM "ar_internal_metadata" WHERE "ar_internal_metadata"."key" = $1 LIMIT $2[0m  [["key", :environment], ["LIMIT", 1]]
  [1m[35m (0.2ms)[0m  [1m[35mBEGIN[0m
  [1m[35m (0.2ms)[0m  [1m[35mCOMMIT[0m
  [1m[35m (0.3ms)[0m  [1m[34mSELECT pg_advisory_unlock(7561132552591576035)[0m
  [1m[36mActiveRecord::SchemaMigration Load (0.8ms)[0m  [1m[34mSELECT "schema_migrations".* FROM "schema_migrations"[0m
Started GET "/" for ::1 at 2017-03-01 22:42:36 -0800
  [1m[36mActiveRecord::SchemaMigration Load (0.6ms)[0m  [1m[34mSELECT "schema_migrations".* FROM "schema_migrations"[0m
Processing by Rails::WelcomeController#index as HTML
  Parameters: {"internal"=>true}
  Rendering /Users/mattmartinez/.rbenv/versions/2.3.0/lib/ruby/gems/2.3.0/gems/railties-5.0.2/lib/rails/templates/rails/welcome/index.html.erb
  Rendered /Users/mattmartinez/.rbenv/versions/2.3.0/lib/ruby/gems/2.3.0/gems/railties-5.0.2/lib/rails/templates/rails/welcome/index.html.erb (4.0ms)
Completed 200 OK in 33ms (Views: 26.1ms | ActiveRecord: 0.0ms)


Started GET "/" for ::1 at 2017-03-01 22:51:12 -0800
  [1m[36mActiveRecord::SchemaMigration Load (0.6ms)[0m  [1m[34mSELECT "schema_migrations".* FROM "schema_migrations"[0m
Processing by Rails::WelcomeController#index as */*
  Parameters: {"internal"=>true}
  Rendering /Users/mattmartinez/.rbenv/versions/2.3.0/lib/ruby/gems/2.3.0/gems/railties-5.0.2/lib/rails/templates/rails/welcome/index.html.erb
  Rendered /Users/mattmartinez/.rbenv/versions/2.3.0/lib/ruby/gems/2.3.0/gems/railties-5.0.2/lib/rails/templates/rails/welcome/index.html.erb (3.8ms)
Completed 200 OK in 44ms (Views: 24.6ms | ActiveRecord: 0.0ms)


Started GET "/get_all" for ::1 at 2017-03-01 22:51:41 -0800
Processing by ReviewsController#get_all as */*
  [1m[36mUser Load (1.0ms)[0m  [1m[34mSELECT "users".* FROM "users"[0m
  [1m[36mMovie Load (0.4ms)[0m  [1m[34mSELECT "movies".* FROM "movies"[0m
  [1m[36mReview Load (0.5ms)[0m  [1m[34mSELECT "reviews".* FROM "reviews"[0m
Completed 200 OK in 28ms (Views: 3.3ms | ActiveRecord: 7.6ms)


  [1m[36mUser Load (0.6ms)[0m  [1m[34mSELECT "users".* FROM "users"[0m
  [1m[35m (0.2ms)[0m  [1m[35mBEGIN[0m
  [1m[36mUser Exists (1.0ms)[0m  [1m[34mSELECT  1 AS one FROM "users" WHERE "users"."email" = $1 LIMIT $2[0m  [["email", "m@m.com"], ["LIMIT", 1]]
  [1m[35mSQL (0.8ms)[0m  [1m[32mINSERT INTO "users" ("name", "username", "email", "password_digest", "created_at", "updated_at") VALUES ($1, $2, $3, $4, $5, $6) RETURNING "id"[0m  [["name", "Matt"], ["username", "ThatMattDude"], ["email", "m@m.com"], ["password_digest", "$2a$10$vTESuXKKjPvjl8.VLIrqSuEcSZVh0frLf4SdPpvwzfNNewLHz7kLW"], ["created_at", 2017-03-02 06:54:07 UTC], ["updated_at", 2017-03-02 06:54:07 UTC]]
  [1m[35m (40.8ms)[0m  [1m[35mCOMMIT[0m
  [1m[36mUser Load (0.5ms)[0m  [1m[34mSELECT "users".* FROM "users"[0m
  [1m[36mMovie Load (0.7ms)[0m  [1m[34mSELECT "movies".* FROM "movies"[0m
  [1m[35m (0.1ms)[0m  [1m[35mBEGIN[0m
  [1m[35mSQL (1.1ms)[0m  [1m[32mINSERT INTO "movies" ("title", "poster", "created_at", "updated_at") VALUES ($1, $2, $3, $4) RETURNING "id"[0m  [["title", "Rogue One: A Star Wars Story"], ["poster", "https://images-na.ssl-images-amazon.com/images/M/MV5BMjEwMzMxODIzOV5BMl5BanBnXkFtZTgwNzg3OTAzMDI@._V1_SX300.jpg"], ["created_at", 2017-03-02 06:55:36 UTC], ["updated_at", 2017-03-02 06:55:36 UTC]]
  [1m[35m (0.5ms)[0m  [1m[35mCOMMIT[0m
  [1m[36mMovie Load (0.5ms)[0m  [1m[34mSELECT "movies".* FROM "movies"[0m
  [1m[36mReview Load (0.7ms)[0m  [1m[34mSELECT "reviews".* FROM "reviews"[0m
  [1m[35m (0.1ms)[0m  [1m[35mBEGIN[0m
  [1m[36mUser Load (0.4ms)[0m  [1m[34mSELECT  "users".* FROM "users" WHERE "users"."id" = $1 LIMIT $2[0m  [["id", 1], ["LIMIT", 1]]
  [1m[36mMovie Load (0.3ms)[0m  [1m[34mSELECT  "movies".* FROM "movies" WHERE "movies"."id" = $1 LIMIT $2[0m  [["id", 1], ["LIMIT", 1]]
  [1m[35mSQL (81.4ms)[0m  [1m[32mINSERT INTO "reviews" ("title", "rating", "comments", "user_id", "movie_id", "created_at", "updated_at") VALUES ($1, $2, $3, $4, $5, $6, $7) RETURNING "id"[0m  [["title", "Awesome Movie"], ["rating", "5"], ["comments", "I love this shit"], ["user_id", 1], ["movie_id", 1], ["created_at", 2017-03-02 06:56:50 UTC], ["updated_at", 2017-03-02 06:56:50 UTC]]
  [1m[35m (0.6ms)[0m  [1m[35mCOMMIT[0m
  [1m[36mReview Load (0.5ms)[0m  [1m[34mSELECT "reviews".* FROM "reviews"[0m
Started GET "/get_all" for ::1 at 2017-03-01 22:57:05 -0800
Processing by ReviewsController#get_all as */*
  [1m[36mUser Load (0.7ms)[0m  [1m[34mSELECT "users".* FROM "users"[0m
  [1m[36mMovie Load (0.5ms)[0m  [1m[34mSELECT "movies".* FROM "movies"[0m
  [1m[36mReview Load (0.7ms)[0m  [1m[34mSELECT "reviews".* FROM "reviews"[0m
Completed 200 OK in 41ms (Views: 19.5ms | ActiveRecord: 14.3ms)


Started GET "/users" for ::1 at 2017-03-01 22:58:30 -0800
  
ActionController::RoutingError (No route matches [GET] "/users"):
  
actionpack (5.0.2) lib/action_dispatch/middleware/debug_exceptions.rb:53:in `call'
actionpack (5.0.2) lib/action_dispatch/middleware/show_exceptions.rb:31:in `call'
railties (5.0.2) lib/rails/rack/logger.rb:36:in `call_app'
railties (5.0.2) lib/rails/rack/logger.rb:24:in `block in call'
activesupport (5.0.2) lib/active_support/tagged_logging.rb:69:in `block in tagged'
activesupport (5.0.2) lib/active_support/tagged_logging.rb:26:in `tagged'
activesupport (5.0.2) lib/active_support/tagged_logging.rb:69:in `tagged'
railties (5.0.2) lib/rails/rack/logger.rb:24:in `call'
actionpack (5.0.2) lib/action_dispatch/middleware/request_id.rb:24:in `call'
rack (2.0.1) lib/rack/runtime.rb:22:in `call'
activesupport (5.0.2) lib/active_support/cache/strategy/local_cache_middleware.rb:28:in `call'
actionpack (5.0.2) lib/action_dispatch/middleware/executor.rb:12:in `call'
actionpack (5.0.2) lib/action_dispatch/middleware/static.rb:136:in `call'
rack (2.0.1) lib/rack/sendfile.rb:111:in `call'
rack-cors (0.4.1) lib/rack/cors.rb:81:in `call'
railties (5.0.2) lib/rails/engine.rb:522:in `call'
puma (3.7.1) lib/puma/configuration.rb:232:in `call'
puma (3.7.1) lib/puma/server.rb:578:in `handle_request'
puma (3.7.1) lib/puma/server.rb:415:in `process_client'
puma (3.7.1) lib/puma/server.rb:275:in `block in run'
puma (3.7.1) lib/puma/thread_pool.rb:120:in `block in spawn_thread'
Started POST "/users/login" for ::1 at 2017-03-01 23:00:45 -0800
Processing by UsersController#login as */*
  Parameters: {"user"=>{"email"=>"m@m.com", "password"=>"[FILTERED]"}}
  [1m[36mUser Load (0.3ms)[0m  [1m[34mSELECT  "users".* FROM "users" WHERE "users"."email" = $1 LIMIT $2[0m  [["email", "m@m.com"], ["LIMIT", 1]]
Completed 200 OK in 92ms (Views: 0.9ms | ActiveRecord: 5.9ms)


Started GET "/users/2/reviews" for ::1 at 2017-03-01 23:01:09 -0800
Processing by ReviewsController#index as */*
  Parameters: {"user_id"=>"2"}
  [1m[36mReview Load (0.4ms)[0m  [1m[34mSELECT "reviews".* FROM "reviews"[0m
Completed 200 OK in 9ms (Views: 6.1ms | ActiveRecord: 0.4ms)


Started GET "/users/2/reviews" for ::1 at 2017-03-01 23:25:38 -0800
Processing by ReviewsController#index as */*
  Parameters: {"user_id"=>"2"}
  [1m[36mReview Load (0.5ms)[0m  [1m[34mSELECT "reviews".* FROM "reviews"[0m
Completed 200 OK in 2ms (Views: 1.5ms | ActiveRecord: 0.5ms)


  [1m[35m (0.2ms)[0m  [1m[35mBEGIN[0m
  [1m[36mUser Load (0.3ms)[0m  [1m[34mSELECT  "users".* FROM "users" WHERE "users"."id" = $1 LIMIT $2[0m  [["id", 1], ["LIMIT", 1]]
  [1m[36mMovie Load (0.3ms)[0m  [1m[34mSELECT  "movies".* FROM "movies" WHERE "movies"."id" = $1 LIMIT $2[0m  [["id", 1], ["LIMIT", 1]]
  [1m[35mSQL (0.8ms)[0m  [1m[32mINSERT INTO "reviews" ("title", "rating", "comments", "user_id", "movie_id", "created_at", "updated_at") VALUES ($1, $2, $3, $4, $5, $6, $7) RETURNING "id"[0m  [["title", "This Movie is Aight"], ["rating", "3"], ["comments", "Like I said, it's aight."], ["user_id", 1], ["movie_id", 1], ["created_at", 2017-03-02 07:26:30 UTC], ["updated_at", 2017-03-02 07:26:30 UTC]]
  [1m[35m (644.2ms)[0m  [1m[35mCOMMIT[0m
  [1m[36mReview Load (0.5ms)[0m  [1m[34mSELECT "reviews".* FROM "reviews"[0m
Started GET "/users/2/reviews" for ::1 at 2017-03-01 23:26:37 -0800
Processing by ReviewsController#index as */*
  Parameters: {"user_id"=>"2"}
  [1m[36mReview Load (0.5ms)[0m  [1m[34mSELECT "reviews".* FROM "reviews"[0m
Completed 200 OK in 3ms (Views: 1.8ms | ActiveRecord: 0.5ms)


Started GET "/users/2/reviews/2" for ::1 at 2017-03-01 23:38:28 -0800
Processing by ReviewsController#show as */*
  Parameters: {"user_id"=>"2", "id"=>"2"}
  [1m[36mReview Load (0.3ms)[0m  [1m[34mSELECT  "reviews".* FROM "reviews" WHERE "reviews"."id" = $1 LIMIT $2[0m  [["id", 2], ["LIMIT", 1]]
Completed 200 OK in 10ms (Views: 0.5ms | ActiveRecord: 0.5ms)


Started POST "/users/2/reviews" for ::1 at 2017-03-01 23:45:33 -0800
Processing by ReviewsController#create as */*
  Parameters: {"{\n  \"title\": \"This Movie is Terrible\",\n  \"rating\": \"1\",\n  \"comments\": \"I want my money back!\",\n  \"user_id\": 1,\n  \"movie_id\": 1\n}"=>nil, "user_id"=>"2"}
Completed 400 Bad Request in 4ms (ActiveRecord: 0.0ms)


  
ActionController::ParameterMissing (param is missing or the value is empty: review):
  
app/controllers/reviews_controller.rb:32:in `review_params'
app/controllers/reviews_controller.rb:16:in `create'
Started GET "/users/2/reviews" for ::1 at 2017-03-01 23:46:43 -0800
Processing by ReviewsController#index as */*
  Parameters: {"user_id"=>"2"}
  [1m[36mReview Load (0.3ms)[0m  [1m[34mSELECT "reviews".* FROM "reviews"[0m
Completed 200 OK in 12ms (Views: 7.5ms | ActiveRecord: 4.2ms)


Started POST "/users/2/reviews" for ::1 at 2017-03-01 23:46:58 -0800
Processing by ReviewsController#create as */*
  Parameters: {"{\n  \"title\": \"This Movie is Terrible\",\n  \"rating\": \"1\",\n  \"comments\": \"I want my money back!\",\n  \"user_id\": 1,\n  \"movie_id\": 1\n}"=>nil, "user_id"=>"2"}
Completed 400 Bad Request in 0ms (ActiveRecord: 0.0ms)


  
ActionController::ParameterMissing (param is missing or the value is empty: review):
  
app/controllers/reviews_controller.rb:32:in `review_params'
app/controllers/reviews_controller.rb:16:in `create'
Started POST "/users/2/reviews" for ::1 at 2017-03-01 23:47:57 -0800
Processing by ReviewsController#create as */*
  Parameters: {"{\n  \"title\": \"This Movie is Terrible\",\n  \"rating\": \"1\",\n  \"comments\": \"I want my money back!\",\n  \"user_id\": 1,\n  \"movie_id\": 1\n}"=>nil, "user_id"=>"2"}
Completed 400 Bad Request in 2ms (ActiveRecord: 0.0ms)


  
ActionController::ParameterMissing (param is missing or the value is empty: review):
  
app/controllers/reviews_controller.rb:32:in `review_params'
app/controllers/reviews_controller.rb:16:in `create'
Started POST "/users/2/reviews" for ::1 at 2017-03-01 23:51:39 -0800
Processing by ReviewsController#create as */*
  Parameters: {"{\n  \"title\": \"This Movie is Terrible\",\n  \"rating\": \"1\",\n  \"comments\": \"I want my money back!\",\n  \"user_id\": 1,\n  \"movie_id\": 1\n}"=>nil, "user_id"=>"2"}
Completed 400 Bad Request in 4ms (ActiveRecord: 0.0ms)


  
ActionController::ParameterMissing (param is missing or the value is empty: review):
  
app/controllers/reviews_controller.rb:32:in `review_params'
app/controllers/reviews_controller.rb:16:in `create'
Started POST "/users/login" for ::1 at 2017-03-02 07:47:33 -0800
  [1m[36mActiveRecord::SchemaMigration Load (0.8ms)[0m  [1m[34mSELECT "schema_migrations".* FROM "schema_migrations"[0m
Processing by UsersController#login as */*
  Parameters: {"user"=>{"email"=>"m@m.com", "password"=>"[FILTERED]"}}
  [1m[36mUser Load (0.7ms)[0m  [1m[34mSELECT  "users".* FROM "users" WHERE "users"."email" = $1 LIMIT $2[0m  [["email", "m@m.com"], ["LIMIT", 1]]
Completed 200 OK in 107ms (Views: 0.7ms | ActiveRecord: 9.7ms)


Started GET "/users/2" for ::1 at 2017-03-02 07:48:23 -0800
Processing by UsersController#show as */*
  Parameters: {"id"=>"2"}
  [1m[36mUser Load (0.6ms)[0m  [1m[34mSELECT  "users".* FROM "users" WHERE "users"."id" = $1 LIMIT $2[0m  [["id", 1], ["LIMIT", 1]]
Filter chain halted as :authorize rendered or redirected
Completed 200 OK in 42ms (Views: 0.3ms | ActiveRecord: 0.8ms)


Started GET "/users/2" for ::1 at 2017-03-02 07:48:31 -0800
Processing by UsersController#show as */*
  Parameters: {"id"=>"2"}
  [1m[36mUser Load (0.4ms)[0m  [1m[34mSELECT  "users".* FROM "users" WHERE "users"."id" = $1 LIMIT $2[0m  [["id", 1], ["LIMIT", 1]]
Filter chain halted as :authorize rendered or redirected
Completed 200 OK in 2ms (Views: 0.2ms | ActiveRecord: 0.4ms)


Started POST "/users/login" for ::1 at 2017-03-02 07:48:39 -0800
Processing by UsersController#login as */*
  Parameters: {"user"=>{"email"=>"m@m.com", "password"=>"[FILTERED]"}}
  [1m[36mUser Load (1.1ms)[0m  [1m[34mSELECT  "users".* FROM "users" WHERE "users"."email" = $1 LIMIT $2[0m  [["email", "m@m.com"], ["LIMIT", 1]]
Completed 200 OK in 76ms (Views: 0.6ms | ActiveRecord: 1.1ms)


Started GET "/users/1" for ::1 at 2017-03-02 07:48:54 -0800
Processing by UsersController#show as */*
  Parameters: {"id"=>"1"}
  [1m[36mUser Load (0.4ms)[0m  [1m[34mSELECT  "users".* FROM "users" WHERE "users"."id" = $1 LIMIT $2[0m  [["id", 1], ["LIMIT", 1]]
Completed 200 OK in 2ms (Views: 0.6ms | ActiveRecord: 0.4ms)


Started GET "/users/1/reviews" for ::1 at 2017-03-02 07:49:08 -0800
Processing by ReviewsController#index as */*
  Parameters: {"user_id"=>"1"}
  [1m[36mReview Load (1.6ms)[0m  [1m[34mSELECT "reviews".* FROM "reviews"[0m
Completed 200 OK in 21ms (Views: 9.7ms | ActiveRecord: 5.8ms)


Started GET "/users/1/reviews/2" for ::1 at 2017-03-02 07:49:41 -0800
Processing by ReviewsController#show as */*
  Parameters: {"user_id"=>"1", "id"=>"2"}
  [1m[36mReview Load (0.5ms)[0m  [1m[34mSELECT  "reviews".* FROM "reviews" WHERE "reviews"."id" = $1 LIMIT $2[0m  [["id", 2], ["LIMIT", 1]]
Completed 200 OK in 3ms (Views: 0.5ms | ActiveRecord: 0.5ms)


Started POST "/users/1/reviews" for ::1 at 2017-03-02 07:51:53 -0800
Processing by ReviewsController#create as */*
  Parameters: {"{\n  \"title\": \"This Movie is Terrible\",\n  \"rating\": \"1\",\n  \"comments\": \"I want my money back!\",\n  \"user_id\": 1,\n  \"movie_id\": 1\n}"=>nil, "user_id"=>"1"}
Completed 400 Bad Request in 1ms (ActiveRecord: 0.0ms)


  
ActionController::ParameterMissing (param is missing or the value is empty: review):
  
app/controllers/reviews_controller.rb:32:in `review_params'
app/controllers/reviews_controller.rb:16:in `create'
Started POST "/users/1/reviews" for ::1 at 2017-03-02 07:53:26 -0800
Processing by ReviewsController#create as */*
  Parameters: {"{ review:\n{\n  \"title\": \"This Movie is Terrible\",\n  \"rating\": \"1\",\n  \"comments\": \"I want my money back!\",\n  \"user_id\": 1,\n  \"movie_id\": 1\n}\n}"=>nil, "user_id"=>"1"}
Completed 400 Bad Request in 0ms (ActiveRecord: 0.0ms)


  
ActionController::ParameterMissing (param is missing or the value is empty: review):
  
app/controllers/reviews_controller.rb:32:in `review_params'
app/controllers/reviews_controller.rb:16:in `create'
Started POST "/users/1/reviews" for ::1 at 2017-03-02 07:53:59 -0800
Processing by ReviewsController#create as */*
  Parameters: {"review"=>{"title"=>"This Movie is Terrible", "rating"=>"1", "comments"=>"I want my money back!", "user_id"=>1, "movie_id"=>1}, "user_id"=>"1"}
  [1m[35m (0.3ms)[0m  [1m[35mBEGIN[0m
  [1m[36mUser Load (0.5ms)[0m  [1m[34mSELECT  "users".* FROM "users" WHERE "users"."id" = $1 LIMIT $2[0m  [["id", 1], ["LIMIT", 1]]
  [1m[36mMovie Load (0.6ms)[0m  [1m[34mSELECT  "movies".* FROM "movies" WHERE "movies"."id" = $1 LIMIT $2[0m  [["id", 1], ["LIMIT", 1]]
  [1m[35mSQL (1.4ms)[0m  [1m[32mINSERT INTO "reviews" ("title", "rating", "comments", "user_id", "movie_id", "created_at", "updated_at") VALUES ($1, $2, $3, $4, $5, $6, $7) RETURNING "id"[0m  [["title", "This Movie is Terrible"], ["rating", "1"], ["comments", "I want my money back!"], ["user_id", 1], ["movie_id", 1], ["created_at", 2017-03-02 15:54:00 UTC], ["updated_at", 2017-03-02 15:54:00 UTC]]
  [1m[35m (653.1ms)[0m  [1m[35mCOMMIT[0m
Completed 200 OK in 750ms (Views: 0.6ms | ActiveRecord: 662.0ms)


Started GET "/users/1/reviews" for ::1 at 2017-03-02 07:55:12 -0800
Processing by ReviewsController#index as */*
  Parameters: {"user_id"=>"1", "review"=>{}}
  [1m[36mReview Load (0.4ms)[0m  [1m[34mSELECT "reviews".* FROM "reviews"[0m
Completed 200 OK in 2ms (Views: 1.7ms | ActiveRecord: 0.4ms)


Started PUT "/users/1/reviews/3" for ::1 at 2017-03-02 08:01:47 -0800
Processing by ReviewsController#update as */*
  Parameters: {"review"=>{"title"=>"Edit: This Movie is Terrible", "rating"=>"2", "comments"=>"I was too harsh before", "user_id"=>1, "movie_id"=>1}, "user_id"=>"1", "id"=>"3"}
  [1m[36mReview Load (0.3ms)[0m  [1m[34mSELECT  "reviews".* FROM "reviews" WHERE "reviews"."id" = $1 LIMIT $2[0m  [["id", 3], ["LIMIT", 1]]
  [1m[35m (0.2ms)[0m  [1m[35mBEGIN[0m
  [1m[36mUser Load (0.4ms)[0m  [1m[34mSELECT  "users".* FROM "users" WHERE "users"."id" = $1 LIMIT $2[0m  [["id", 1], ["LIMIT", 1]]
  [1m[36mMovie Load (0.5ms)[0m  [1m[34mSELECT  "movies".* FROM "movies" WHERE "movies"."id" = $1 LIMIT $2[0m  [["id", 1], ["LIMIT", 1]]
  [1m[35mSQL (26.2ms)[0m  [1m[33mUPDATE "reviews" SET "title" = $1, "rating" = $2, "comments" = $3, "updated_at" = $4 WHERE "reviews"."id" = $5[0m  [["title", "Edit: This Movie is Terrible"], ["rating", "2"], ["comments", "I was too harsh before"], ["updated_at", 2017-03-02 16:01:47 UTC], ["id", 3]]
  [1m[35m (0.6ms)[0m  [1m[35mCOMMIT[0m
Completed 200 OK in 93ms (Views: 0.5ms | ActiveRecord: 46.1ms)


Started GET "/users/1/reviews" for ::1 at 2017-03-02 08:01:55 -0800
Processing by ReviewsController#index as */*
  Parameters: {"user_id"=>"1", "review"=>{}}
  [1m[36mReview Load (0.7ms)[0m  [1m[34mSELECT "reviews".* FROM "reviews"[0m
Completed 200 OK in 9ms (Views: 8.4ms | ActiveRecord: 0.7ms)


